  my_project.cpp
C:\Users\ASUS\source\Repos\win32-app\win32-app\my_project.cpp(28,24): warning C4838: conversion from 'float' to 'LONG' requires a narrowing conversion
C:\Users\ASUS\source\Repos\win32-app\win32-app\my_project.cpp(28,24): warning C4244: 'initializing': conversion from 'float' to 'LONG', possible loss of data
C:\Users\ASUS\source\Repos\win32-app\win32-app\my_project.cpp(28,34): warning C4838: conversion from 'float' to 'LONG' requires a narrowing conversion
C:\Users\ASUS\source\Repos\win32-app\win32-app\my_project.cpp(28,34): warning C4244: 'initializing': conversion from 'float' to 'LONG', possible loss of data
C:\Users\ASUS\source\Repos\win32-app\win32-app\my_project.cpp(28,44): warning C4838: conversion from 'float' to 'LONG' requires a narrowing conversion
C:\Users\ASUS\source\Repos\win32-app\win32-app\my_project.cpp(28,44): warning C4244: 'initializing': conversion from 'float' to 'LONG', possible loss of data
C:\Users\ASUS\source\Repos\win32-app\win32-app\my_project.cpp(28,54): warning C4838: conversion from 'float' to 'LONG' requires a narrowing conversion
C:\Users\ASUS\source\Repos\win32-app\win32-app\my_project.cpp(28,54): warning C4244: 'initializing': conversion from 'float' to 'LONG', possible loss of data
C:\Users\ASUS\source\Repos\win32-app\win32-app\my_project.cpp(55,10): warning C4244: 'initializing': conversion from 'float' to 'int', possible loss of data
C:\Users\ASUS\source\Repos\win32-app\win32-app\my_project.cpp(98,66): warning C4244: 'argument': conversion from 'float' to 'int', possible loss of data
C:\Users\ASUS\source\Repos\win32-app\win32-app\my_project.cpp(98,45): warning C4244: 'argument': conversion from 'float' to 'int', possible loss of data
C:\Users\ASUS\source\Repos\win32-app\win32-app\my_project.cpp(98,38): warning C4244: 'argument': conversion from 'float' to 'int', possible loss of data
C:\Users\ASUS\source\Repos\win32-app\win32-app\my_project.cpp(98,24): warning C4244: 'argument': conversion from 'float' to 'int', possible loss of data
C:\Users\ASUS\source\Repos\win32-app\win32-app\my_project.cpp(120,89): warning C4244: 'argument': conversion from 'float' to 'int', possible loss of data
C:\Users\ASUS\source\Repos\win32-app\win32-app\my_project.cpp(120,69): warning C4244: 'argument': conversion from 'float' to 'int', possible loss of data
C:\Users\ASUS\source\Repos\win32-app\win32-app\my_project.cpp(120,49): warning C4244: 'argument': conversion from 'float' to 'int', possible loss of data
C:\Users\ASUS\source\Repos\win32-app\win32-app\my_project.cpp(120,29): warning C4244: 'argument': conversion from 'float' to 'int', possible loss of data
C:\Users\ASUS\source\Repos\win32-app\win32-app\my_project.cpp(139,158): warning C4244: 'argument': conversion from 'float' to 'int', possible loss of data
C:\Users\ASUS\source\Repos\win32-app\win32-app\my_project.cpp(139,141): warning C4244: 'argument': conversion from 'float' to 'int', possible loss of data
C:\Users\ASUS\source\Repos\win32-app\win32-app\my_project.cpp(139,123): warning C4244: 'argument': conversion from 'float' to 'int', possible loss of data
C:\Users\ASUS\source\Repos\win32-app\win32-app\my_project.cpp(139,106): warning C4244: 'argument': conversion from 'float' to 'int', possible loss of data
C:\Users\ASUS\source\Repos\win32-app\win32-app\my_project.cpp(139,86): warning C4244: 'argument': conversion from 'float' to 'int', possible loss of data
C:\Users\ASUS\source\Repos\win32-app\win32-app\my_project.cpp(139,66): warning C4244: 'argument': conversion from 'float' to 'int', possible loss of data
C:\Users\ASUS\source\Repos\win32-app\win32-app\my_project.cpp(139,46): warning C4244: 'argument': conversion from 'float' to 'int', possible loss of data
C:\Users\ASUS\source\Repos\win32-app\win32-app\my_project.cpp(139,26): warning C4244: 'argument': conversion from 'float' to 'int', possible loss of data
C:\Users\ASUS\source\Repos\win32-app\win32-app\my_project.cpp(141,162): warning C4244: 'argument': conversion from 'float' to 'int', possible loss of data
C:\Users\ASUS\source\Repos\win32-app\win32-app\my_project.cpp(141,145): warning C4244: 'argument': conversion from 'float' to 'int', possible loss of data
C:\Users\ASUS\source\Repos\win32-app\win32-app\my_project.cpp(141,127): warning C4244: 'argument': conversion from 'float' to 'int', possible loss of data
C:\Users\ASUS\source\Repos\win32-app\win32-app\my_project.cpp(141,110): warning C4244: 'argument': conversion from 'float' to 'int', possible loss of data
C:\Users\ASUS\source\Repos\win32-app\win32-app\my_project.cpp(141,90): warning C4244: 'argument': conversion from 'float' to 'int', possible loss of data
C:\Users\ASUS\source\Repos\win32-app\win32-app\my_project.cpp(141,70): warning C4244: 'argument': conversion from 'float' to 'int', possible loss of data
C:\Users\ASUS\source\Repos\win32-app\win32-app\my_project.cpp(141,50): warning C4244: 'argument': conversion from 'float' to 'int', possible loss of data
C:\Users\ASUS\source\Repos\win32-app\win32-app\my_project.cpp(141,30): warning C4244: 'argument': conversion from 'float' to 'int', possible loss of data
C:\Users\ASUS\source\Repos\win32-app\win32-app\my_project.cpp(167,9): warning C4244: 'initializing': conversion from 'float' to 'int', possible loss of data
C:\Users\ASUS\source\Repos\win32-app\win32-app\my_project.cpp(168,9): warning C4244: 'initializing': conversion from 'float' to 'int', possible loss of data
C:\Users\ASUS\source\Repos\win32-app\win32-app\my_project.cpp(192,73): warning C4244: 'argument': conversion from 'float' to 'int', possible loss of data
C:\Users\ASUS\source\Repos\win32-app\win32-app\my_project.cpp(192,58): warning C4244: 'argument': conversion from 'float' to 'int', possible loss of data
C:\Users\ASUS\source\Repos\win32-app\win32-app\my_project.cpp(192,43): warning C4244: 'argument': conversion from 'float' to 'int', possible loss of data
C:\Users\ASUS\source\Repos\win32-app\win32-app\my_project.cpp(192,28): warning C4244: 'argument': conversion from 'float' to 'int', possible loss of data
C:\Users\ASUS\source\Repos\win32-app\win32-app\my_project.cpp(210,73): warning C4244: 'argument': conversion from 'float' to 'int', possible loss of data
C:\Users\ASUS\source\Repos\win32-app\win32-app\my_project.cpp(210,58): warning C4244: 'argument': conversion from 'float' to 'int', possible loss of data
C:\Users\ASUS\source\Repos\win32-app\win32-app\my_project.cpp(210,43): warning C4244: 'argument': conversion from 'float' to 'int', possible loss of data
C:\Users\ASUS\source\Repos\win32-app\win32-app\my_project.cpp(210,28): warning C4244: 'argument': conversion from 'float' to 'int', possible loss of data
C:\Users\ASUS\source\Repos\win32-app\win32-app\my_project.cpp(227,25): warning C4838: conversion from 'float' to 'LONG' requires a narrowing conversion
C:\Users\ASUS\source\Repos\win32-app\win32-app\my_project.cpp(227,25): warning C4244: 'initializing': conversion from 'float' to 'LONG', possible loss of data
C:\Users\ASUS\source\Repos\win32-app\win32-app\my_project.cpp(227,36): warning C4838: conversion from 'float' to 'LONG' requires a narrowing conversion
C:\Users\ASUS\source\Repos\win32-app\win32-app\my_project.cpp(227,36): warning C4244: 'initializing': conversion from 'float' to 'LONG', possible loss of data
C:\Users\ASUS\source\Repos\win32-app\win32-app\my_project.cpp(227,47): warning C4838: conversion from 'float' to 'LONG' requires a narrowing conversion
C:\Users\ASUS\source\Repos\win32-app\win32-app\my_project.cpp(227,47): warning C4244: 'initializing': conversion from 'float' to 'LONG', possible loss of data
C:\Users\ASUS\source\Repos\win32-app\win32-app\my_project.cpp(227,58): warning C4838: conversion from 'float' to 'LONG' requires a narrowing conversion
C:\Users\ASUS\source\Repos\win32-app\win32-app\my_project.cpp(227,58): warning C4244: 'initializing': conversion from 'float' to 'LONG', possible loss of data
C:\Users\ASUS\source\Repos\win32-app\win32-app\my_project.cpp(227,69): warning C4838: conversion from 'float' to 'LONG' requires a narrowing conversion
C:\Users\ASUS\source\Repos\win32-app\win32-app\my_project.cpp(227,69): warning C4244: 'initializing': conversion from 'float' to 'LONG', possible loss of data
C:\Users\ASUS\source\Repos\win32-app\win32-app\my_project.cpp(227,80): warning C4838: conversion from 'float' to 'LONG' requires a narrowing conversion
C:\Users\ASUS\source\Repos\win32-app\win32-app\my_project.cpp(227,80): warning C4244: 'initializing': conversion from 'float' to 'LONG', possible loss of data
C:\Users\ASUS\source\Repos\win32-app\win32-app\my_project.cpp(157): warning C4715: 'mySemiCircle::isCutByLine': not all control paths return a value
  win32-app.vcxproj -> C:\Users\ASUS\source\Repos\win32-app\Debug\win32-app.exe
