  my_project.cpp
C:\Users\ASUS\source\Repos\win32-app\win32-app\my_project.cpp(28,24): warning C4838: conversion from 'float' to 'LONG' requires a narrowing conversion
C:\Users\ASUS\source\Repos\win32-app\win32-app\my_project.cpp(28,24): warning C4244: 'initializing': conversion from 'float' to 'LONG', possible loss of data
C:\Users\ASUS\source\Repos\win32-app\win32-app\my_project.cpp(28,34): warning C4838: conversion from 'float' to 'LONG' requires a narrowing conversion
C:\Users\ASUS\source\Repos\win32-app\win32-app\my_project.cpp(28,34): warning C4244: 'initializing': conversion from 'float' to 'LONG', possible loss of data
C:\Users\ASUS\source\Repos\win32-app\win32-app\my_project.cpp(28,44): warning C4838: conversion from 'float' to 'LONG' requires a narrowing conversion
C:\Users\ASUS\source\Repos\win32-app\win32-app\my_project.cpp(28,44): warning C4244: 'initializing': conversion from 'float' to 'LONG', possible loss of data
C:\Users\ASUS\source\Repos\win32-app\win32-app\my_project.cpp(28,54): warning C4838: conversion from 'float' to 'LONG' requires a narrowing conversion
C:\Users\ASUS\source\Repos\win32-app\win32-app\my_project.cpp(28,54): warning C4244: 'initializing': conversion from 'float' to 'LONG', possible loss of data
C:\Users\ASUS\source\Repos\win32-app\win32-app\my_project.cpp(56,10): warning C4244: 'initializing': conversion from 'float' to 'int', possible loss of data
C:\Users\ASUS\source\Repos\win32-app\win32-app\my_project.cpp(102,66): warning C4244: 'argument': conversion from 'float' to 'int', possible loss of data
C:\Users\ASUS\source\Repos\win32-app\win32-app\my_project.cpp(102,45): warning C4244: 'argument': conversion from 'float' to 'int', possible loss of data
C:\Users\ASUS\source\Repos\win32-app\win32-app\my_project.cpp(102,38): warning C4244: 'argument': conversion from 'float' to 'int', possible loss of data
C:\Users\ASUS\source\Repos\win32-app\win32-app\my_project.cpp(102,24): warning C4244: 'argument': conversion from 'float' to 'int', possible loss of data
C:\Users\ASUS\source\Repos\win32-app\win32-app\my_project.cpp(127,89): warning C4244: 'argument': conversion from 'float' to 'int', possible loss of data
C:\Users\ASUS\source\Repos\win32-app\win32-app\my_project.cpp(127,69): warning C4244: 'argument': conversion from 'float' to 'int', possible loss of data
C:\Users\ASUS\source\Repos\win32-app\win32-app\my_project.cpp(127,49): warning C4244: 'argument': conversion from 'float' to 'int', possible loss of data
C:\Users\ASUS\source\Repos\win32-app\win32-app\my_project.cpp(127,29): warning C4244: 'argument': conversion from 'float' to 'int', possible loss of data
C:\Users\ASUS\source\Repos\win32-app\win32-app\my_project.cpp(156,158): warning C4244: 'argument': conversion from 'float' to 'int', possible loss of data
C:\Users\ASUS\source\Repos\win32-app\win32-app\my_project.cpp(156,141): warning C4244: 'argument': conversion from 'float' to 'int', possible loss of data
C:\Users\ASUS\source\Repos\win32-app\win32-app\my_project.cpp(156,123): warning C4244: 'argument': conversion from 'float' to 'int', possible loss of data
C:\Users\ASUS\source\Repos\win32-app\win32-app\my_project.cpp(156,106): warning C4244: 'argument': conversion from 'float' to 'int', possible loss of data
C:\Users\ASUS\source\Repos\win32-app\win32-app\my_project.cpp(156,86): warning C4244: 'argument': conversion from 'float' to 'int', possible loss of data
C:\Users\ASUS\source\Repos\win32-app\win32-app\my_project.cpp(156,66): warning C4244: 'argument': conversion from 'float' to 'int', possible loss of data
C:\Users\ASUS\source\Repos\win32-app\win32-app\my_project.cpp(156,46): warning C4244: 'argument': conversion from 'float' to 'int', possible loss of data
C:\Users\ASUS\source\Repos\win32-app\win32-app\my_project.cpp(156,26): warning C4244: 'argument': conversion from 'float' to 'int', possible loss of data
C:\Users\ASUS\source\Repos\win32-app\win32-app\my_project.cpp(158,162): warning C4244: 'argument': conversion from 'float' to 'int', possible loss of data
C:\Users\ASUS\source\Repos\win32-app\win32-app\my_project.cpp(158,145): warning C4244: 'argument': conversion from 'float' to 'int', possible loss of data
C:\Users\ASUS\source\Repos\win32-app\win32-app\my_project.cpp(158,127): warning C4244: 'argument': conversion from 'float' to 'int', possible loss of data
C:\Users\ASUS\source\Repos\win32-app\win32-app\my_project.cpp(158,110): warning C4244: 'argument': conversion from 'float' to 'int', possible loss of data
C:\Users\ASUS\source\Repos\win32-app\win32-app\my_project.cpp(158,90): warning C4244: 'argument': conversion from 'float' to 'int', possible loss of data
C:\Users\ASUS\source\Repos\win32-app\win32-app\my_project.cpp(158,70): warning C4244: 'argument': conversion from 'float' to 'int', possible loss of data
C:\Users\ASUS\source\Repos\win32-app\win32-app\my_project.cpp(158,50): warning C4244: 'argument': conversion from 'float' to 'int', possible loss of data
C:\Users\ASUS\source\Repos\win32-app\win32-app\my_project.cpp(158,30): warning C4244: 'argument': conversion from 'float' to 'int', possible loss of data
C:\Users\ASUS\source\Repos\win32-app\win32-app\my_project.cpp(192,9): warning C4244: 'initializing': conversion from 'float' to 'int', possible loss of data
C:\Users\ASUS\source\Repos\win32-app\win32-app\my_project.cpp(193,9): warning C4244: 'initializing': conversion from 'float' to 'int', possible loss of data
C:\Users\ASUS\source\Repos\win32-app\win32-app\my_project.cpp(220,73): warning C4244: 'argument': conversion from 'float' to 'int', possible loss of data
C:\Users\ASUS\source\Repos\win32-app\win32-app\my_project.cpp(220,58): warning C4244: 'argument': conversion from 'float' to 'int', possible loss of data
C:\Users\ASUS\source\Repos\win32-app\win32-app\my_project.cpp(220,43): warning C4244: 'argument': conversion from 'float' to 'int', possible loss of data
C:\Users\ASUS\source\Repos\win32-app\win32-app\my_project.cpp(220,28): warning C4244: 'argument': conversion from 'float' to 'int', possible loss of data
C:\Users\ASUS\source\Repos\win32-app\win32-app\my_project.cpp(239,73): warning C4244: 'argument': conversion from 'float' to 'int', possible loss of data
C:\Users\ASUS\source\Repos\win32-app\win32-app\my_project.cpp(239,58): warning C4244: 'argument': conversion from 'float' to 'int', possible loss of data
C:\Users\ASUS\source\Repos\win32-app\win32-app\my_project.cpp(239,43): warning C4244: 'argument': conversion from 'float' to 'int', possible loss of data
C:\Users\ASUS\source\Repos\win32-app\win32-app\my_project.cpp(239,28): warning C4244: 'argument': conversion from 'float' to 'int', possible loss of data
C:\Users\ASUS\source\Repos\win32-app\win32-app\my_project.cpp(258,25): warning C4838: conversion from 'float' to 'LONG' requires a narrowing conversion
C:\Users\ASUS\source\Repos\win32-app\win32-app\my_project.cpp(258,25): warning C4244: 'initializing': conversion from 'float' to 'LONG', possible loss of data
C:\Users\ASUS\source\Repos\win32-app\win32-app\my_project.cpp(258,36): warning C4838: conversion from 'float' to 'LONG' requires a narrowing conversion
C:\Users\ASUS\source\Repos\win32-app\win32-app\my_project.cpp(258,36): warning C4244: 'initializing': conversion from 'float' to 'LONG', possible loss of data
C:\Users\ASUS\source\Repos\win32-app\win32-app\my_project.cpp(258,47): warning C4838: conversion from 'float' to 'LONG' requires a narrowing conversion
C:\Users\ASUS\source\Repos\win32-app\win32-app\my_project.cpp(258,47): warning C4244: 'initializing': conversion from 'float' to 'LONG', possible loss of data
C:\Users\ASUS\source\Repos\win32-app\win32-app\my_project.cpp(258,58): warning C4838: conversion from 'float' to 'LONG' requires a narrowing conversion
C:\Users\ASUS\source\Repos\win32-app\win32-app\my_project.cpp(258,58): warning C4244: 'initializing': conversion from 'float' to 'LONG', possible loss of data
C:\Users\ASUS\source\Repos\win32-app\win32-app\my_project.cpp(258,69): warning C4838: conversion from 'float' to 'LONG' requires a narrowing conversion
C:\Users\ASUS\source\Repos\win32-app\win32-app\my_project.cpp(258,69): warning C4244: 'initializing': conversion from 'float' to 'LONG', possible loss of data
C:\Users\ASUS\source\Repos\win32-app\win32-app\my_project.cpp(258,80): warning C4838: conversion from 'float' to 'LONG' requires a narrowing conversion
C:\Users\ASUS\source\Repos\win32-app\win32-app\my_project.cpp(258,80): warning C4244: 'initializing': conversion from 'float' to 'LONG', possible loss of data
  win32-app.cpp
C:\Users\ASUS\source\Repos\win32-app\win32-app\win32-app.cpp(237,31): warning C4018: '<': signed/unsigned mismatch
C:\Users\ASUS\source\Repos\win32-app\win32-app\win32-app.cpp(243,35): warning C4018: '<': signed/unsigned mismatch
C:\Users\ASUS\source\Repos\win32-app\win32-app\win32-app.cpp(320,59): warning C4244: 'argument': conversion from 'int' to 'float', possible loss of data
C:\Users\ASUS\source\Repos\win32-app\win32-app\win32-app.cpp(320,55): warning C4244: 'argument': conversion from 'int' to 'float', possible loss of data
C:\Users\ASUS\source\Repos\win32-app\win32-app\win32-app.cpp(320,51): warning C4244: 'argument': conversion from 'int' to 'float', possible loss of data
C:\Users\ASUS\source\Repos\win32-app\win32-app\win32-app.cpp(320,47): warning C4244: 'argument': conversion from 'int' to 'float', possible loss of data
C:\Users\ASUS\source\Repos\win32-app\win32-app\win32-app.cpp(354,52): warning C4244: 'argument': conversion from 'int' to 'float', possible loss of data
C:\Users\ASUS\source\Repos\win32-app\win32-app\win32-app.cpp(354,48): warning C4244: 'argument': conversion from 'int' to 'float', possible loss of data
C:\Users\ASUS\source\Repos\win32-app\win32-app\win32-app.cpp(354,44): warning C4244: 'argument': conversion from 'int' to 'float', possible loss of data
C:\Users\ASUS\source\Repos\win32-app\win32-app\win32-app.cpp(390,57): warning C4244: 'argument': conversion from 'int' to 'float', possible loss of data
C:\Users\ASUS\source\Repos\win32-app\win32-app\win32-app.cpp(390,53): warning C4244: 'argument': conversion from 'int' to 'float', possible loss of data
C:\Users\ASUS\source\Repos\win32-app\win32-app\win32-app.cpp(390,49): warning C4244: 'argument': conversion from 'int' to 'float', possible loss of data
C:\Users\ASUS\source\Repos\win32-app\win32-app\win32-app.cpp(390,45): warning C4244: 'argument': conversion from 'int' to 'float', possible loss of data
C:\Users\ASUS\source\Repos\win32-app\win32-app\win32-app.cpp(428,60): warning C4244: 'argument': conversion from 'int' to 'float', possible loss of data
C:\Users\ASUS\source\Repos\win32-app\win32-app\win32-app.cpp(428,56): warning C4244: 'argument': conversion from 'int' to 'float', possible loss of data
C:\Users\ASUS\source\Repos\win32-app\win32-app\win32-app.cpp(428,52): warning C4244: 'argument': conversion from 'int' to 'float', possible loss of data
C:\Users\ASUS\source\Repos\win32-app\win32-app\win32-app.cpp(428,48): warning C4244: 'argument': conversion from 'int' to 'float', possible loss of data
C:\Users\ASUS\source\Repos\win32-app\win32-app\win32-app.cpp(478,35): warning C4018: '<': signed/unsigned mismatch
C:\Users\ASUS\source\Repos\win32-app\win32-app\win32-app.cpp(479,56): warning C4244: 'argument': conversion from '_Ty' to 'float', possible loss of data
          with
          [
              _Ty=int
          ]
C:\Users\ASUS\source\Repos\win32-app\win32-app\win32-app.cpp(479,45): warning C4244: 'argument': conversion from '_Ty' to 'float', possible loss of data
          with
          [
              _Ty=int
          ]
C:\Users\ASUS\source\Repos\win32-app\win32-app\win32-app.cpp(524,66): warning C4244: 'argument': conversion from 'int' to 'float', possible loss of data
C:\Users\ASUS\source\Repos\win32-app\win32-app\win32-app.cpp(524,62): warning C4244: 'argument': conversion from 'int' to 'float', possible loss of data
C:\Users\ASUS\source\Repos\win32-app\win32-app\win32-app.cpp(524,58): warning C4244: 'argument': conversion from 'int' to 'float', possible loss of data
C:\Users\ASUS\source\Repos\win32-app\win32-app\win32-app.cpp(524,54): warning C4244: 'argument': conversion from 'int' to 'float', possible loss of data
C:\Users\ASUS\source\Repos\win32-app\win32-app\win32-app.cpp(524,50): warning C4244: 'argument': conversion from 'int' to 'float', possible loss of data
C:\Users\ASUS\source\Repos\win32-app\win32-app\win32-app.cpp(524,46): warning C4244: 'argument': conversion from 'int' to 'float', possible loss of data
C:\Users\ASUS\source\Repos\win32-app\win32-app\win32-app.cpp(558,39): warning C4244: 'argument': conversion from 'int' to 'float', possible loss of data
C:\Users\ASUS\source\Repos\win32-app\win32-app\win32-app.cpp(558,35): warning C4244: 'argument': conversion from 'int' to 'float', possible loss of data
C:\Users\ASUS\source\Repos\win32-app\win32-app\win32-app.cpp(558,31): warning C4244: 'argument': conversion from 'int' to 'float', possible loss of data
C:\Users\ASUS\source\Repos\win32-app\win32-app\win32-app.cpp(558,27): warning C4244: 'argument': conversion from 'int' to 'float', possible loss of data
C:\Program Files (x86)\Microsoft Visual Studio\2019\Community\VC\Tools\MSVC\14.29.30133\include\xstring(2575,23): warning C4244: 'argument': conversion from 'wchar_t' to 'const _Elem', possible loss of data
          with
          [
              _Elem=char
          ]
C:\Program Files (x86)\Microsoft Visual Studio\2019\Community\VC\Tools\MSVC\14.29.30133\include\xstring(2586): message : see reference to function template instantiation 'void std::basic_string<char,std::char_traits<char>,std::allocator<char>>::_Construct<wchar_t*>(_Iter,const _Iter,std::input_iterator_tag)' being compiled
          with
          [
              _Iter=wchar_t *
          ]
C:\Program Files (x86)\Microsoft Visual Studio\2019\Community\VC\Tools\MSVC\14.29.30133\include\xstring(2586): message : see reference to function template instantiation 'void std::basic_string<char,std::char_traits<char>,std::allocator<char>>::_Construct<wchar_t*>(_Iter,const _Iter,std::input_iterator_tag)' being compiled
          with
          [
              _Iter=wchar_t *
          ]
C:\Program Files (x86)\Microsoft Visual Studio\2019\Community\VC\Tools\MSVC\14.29.30133\include\xstring(2566): message : see reference to function template instantiation 'void std::basic_string<char,std::char_traits<char>,std::allocator<char>>::_Construct<wchar_t*>(const _Iter,const _Iter,std::forward_iterator_tag)' being compiled
          with
          [
              _Iter=wchar_t *
          ]
C:\Program Files (x86)\Microsoft Visual Studio\2019\Community\VC\Tools\MSVC\14.29.30133\include\xstring(2566): message : see reference to function template instantiation 'void std::basic_string<char,std::char_traits<char>,std::allocator<char>>::_Construct<wchar_t*>(const _Iter,const _Iter,std::forward_iterator_tag)' being compiled
          with
          [
              _Iter=wchar_t *
          ]
C:\Users\ASUS\source\Repos\win32-app\win32-app\win32-app.cpp(473): message : see reference to function template instantiation 'std::basic_string<char,std::char_traits<char>,std::allocator<char>>::basic_string<std::_String_iterator<std::_String_val<std::_Simple_types<_Elem>>>,0>(_Iter,_Iter,const _Alloc &)' being compiled
          with
          [
              _Elem=wchar_t,
              _Iter=std::_String_iterator<std::_String_val<std::_Simple_types<wchar_t>>>,
              _Alloc=std::allocator<char>
          ]
C:\Users\ASUS\source\Repos\win32-app\win32-app\win32-app.cpp(473): message : see reference to function template instantiation 'std::basic_string<char,std::char_traits<char>,std::allocator<char>>::basic_string<std::_String_iterator<std::_String_val<std::_Simple_types<_Elem>>>,0>(_Iter,_Iter,const _Alloc &)' being compiled
          with
          [
              _Elem=wchar_t,
              _Iter=std::_String_iterator<std::_String_val<std::_Simple_types<wchar_t>>>,
              _Alloc=std::allocator<char>
          ]
  Generating Code...
C:\Users\ASUS\source\Repos\win32-app\win32-app\my_project.cpp(182): warning C4715: 'mySemiCircle::isCutByLine': not all control paths return a value
  win32-app.vcxproj -> C:\Users\ASUS\source\Repos\win32-app\Debug\win32-app.exe
